# JRE version: OpenJDK Runtime Environment (8.0_242) (build 1.8.0_242-release-1644-b3-6222593)
# Java VM: OpenJDK 64-Bit Server VM (25.242-b3-6222593 mixed mode linux-amd64 compressed oops)
Heap:
 PSYoungGen      total 652288K, used 430868K [0x00000000d5580000, 0x0000000100000000, 0x0000000100000000)
  eden space 619008K, 64% used [0x00000000d5580000,0x00000000ed9c87f8,0x00000000fb200000)
  from space 33280K, 99% used [0x00000000fdf80000,0x00000000ffffcba8,0x0000000100000000)
  to   space 39936K, 0% used [0x00000000fb200000,0x00000000fb200000,0x00000000fd900000)
 ParOldGen       total 132096K, used 63747K [0x0000000080000000, 0x0000000088100000, 0x00000000d5580000)
  object space 132096K, 48% used [0x0000000080000000,0x0000000083e40c70,0x0000000088100000)
 Metaspace       used 107856K, capacity 113990K, committed 114252K, reserved 1148928K
  class space    used 14081K, capacity 15389K, committed 15488K, reserved 1048576K
GC Heap History (10 events):
Event: 9.450 GC heap before
{Heap before GC invocations=12 (full 3):
 PSYoungGen      total 475136K, used 19441K [0x00000000d5580000, 0x0000000100000000, 0x0000000100000000)
  eden space 455680K, 0% used [0x00000000d5580000,0x00000000d5580000,0x00000000f1280000)
  from space 19456K, 99% used [0x00000000f1280000,0x00000000f257c680,0x00000000f2580000)
  to   space 23040K, 0% used [0x00000000fe980000,0x00000000fe980000,0x0000000100000000)
 ParOldGen       total 61952K, used 23048K [0x0000000080000000, 0x0000000083c80000, 0x00000000d5580000)
  object space 61952K, 37% used [0x0000000080000000,0x0000000081682158,0x0000000083c80000)
 Metaspace       used 56492K, capacity 58900K, committed 59028K, reserved 1099776K
  class space    used 7411K, capacity 7908K, committed 7936K, reserved 1048576K
Event: 9.584 GC heap after
Heap after GC invocations=12 (full 3):
 PSYoungGen      total 475136K, used 0K [0x00000000d5580000, 0x0000000100000000, 0x0000000100000000)
  eden space 455680K, 0% used [0x00000000d5580000,0x00000000d5580000,0x00000000f1280000)
  from space 19456K, 0% used [0x00000000f1280000,0x00000000f1280000,0x00000000f2580000)
  to   space 23040K, 0% used [0x00000000fe980000,0x00000000fe980000,0x0000000100000000)
 ParOldGen       total 87040K, used 33175K [0x0000000080000000, 0x0000000085500000, 0x00000000d5580000)
  object space 87040K, 38% used [0x0000000080000000,0x0000000082065d98,0x0000000085500000)
 Metaspace       used 56436K, capacity 58714K, committed 59028K, reserved 1099776K
  class space    used 7395K, capacity 7855K, committed 7936K, reserved 1048576K
}
Event: 15.627 GC heap before
{Heap before GC invocations=13 (full 3):
 PSYoungGen      total 475136K, used 455680K [0x00000000d5580000, 0x0000000100000000, 0x0000000100000000)
  eden space 455680K, 100% used [0x00000000d5580000,0x00000000f1280000,0x00000000f1280000)
  from space 19456K, 0% used [0x00000000f1280000,0x00000000f1280000,0x00000000f2580000)
  to   space 23040K, 0% used [0x00000000fe980000,0x00000000fe980000,0x0000000100000000)
 ParOldGen       total 87040K, used 33175K [0x0000000080000000, 0x0000000085500000, 0x00000000d5580000)
  object space 87040K, 38% used [0x0000000080000000,0x0000000082065d98,0x0000000085500000)
 Metaspace       used 82757K, capacity 86748K, committed 87000K, reserved 1124352K
  class space    used 11220K, capacity 11961K, committed 12032K, reserved 1048576K
Event: 15.861 GC heap after
Heap after GC invocations=13 (full 3):
 PSYoungGen      total 654336K, used 23037K [0x00000000d5580000, 0x0000000100000000, 0x0000000100000000)
  eden space 631296K, 0% used [0x00000000d5580000,0x00000000d5580000,0x00000000fbe00000)
  from space 23040K, 99% used [0x00000000fe980000,0x00000000fffff6d8,0x0000000100000000)
  to   space 33792K, 0% used [0x00000000fbe00000,0x00000000fbe00000,0x00000000fdf00000)
 ParOldGen       total 87040K, used 52957K [0x0000000080000000, 0x0000000085500000, 0x00000000d5580000)
  object space 87040K, 60% used [0x0000000080000000,0x00000000833b7738,0x0000000085500000)
 Metaspace       used 82757K, capacity 86748K, committed 87000K, reserved 1124352K
  class space    used 11220K, capacity 11961K, committed 12032K, reserved 1048576K
}
Event: 23.688 GC heap before
{Heap before GC invocations=14 (full 3):
 PSYoungGen      total 654336K, used 309285K [0x00000000d5580000, 0x0000000100000000, 0x0000000100000000)
  eden space 631296K, 45% used [0x00000000d5580000,0x00000000e6d0a060,0x00000000fbe00000)
  from space 23040K, 99% used [0x00000000fe980000,0x00000000fffff6d8,0x0000000100000000)
  to   space 33792K, 0% used [0x00000000fbe00000,0x00000000fbe00000,0x00000000fdf00000)
 ParOldGen       total 87040K, used 52957K [0x0000000080000000, 0x0000000085500000, 0x00000000d5580000)
  object space 87040K, 60% used [0x0000000080000000,0x00000000833b7738,0x0000000085500000)
 Metaspace       used 93452K, capacity 98284K, committed 98380K, reserved 1134592K
  class space    used 12447K, capacity 13398K, committed 13440K, reserved 1048576K
Event: 23.998 GC heap after
Heap after GC invocations=14 (full 3):
 PSYoungGen      total 665088K, used 18114K [0x00000000d5580000, 0x0000000100000000, 0x0000000100000000)
  eden space 631296K, 0% used [0x00000000d5580000,0x00000000d5580000,0x00000000fbe00000)
  from space 33792K, 53% used [0x00000000fbe00000,0x00000000fcfb0ba8,0x00000000fdf00000)
  to   space 33280K, 0% used [0x00000000fdf80000,0x00000000fdf80000,0x0000000100000000)
 ParOldGen       total 87040K, used 75499K [0x0000000080000000, 0x0000000085500000, 0x00000000d5580000)
  object space 87040K, 86% used [0x0000000080000000,0x00000000849bacb8,0x0000000085500000)
 Metaspace       used 93452K, capacity 98284K, committed 98380K, reserved 1134592K
  class space    used 12447K, capacity 13398K, committed 13440K, reserved 1048576K
}
Event: 23.998 GC heap before
{Heap before GC invocations=15 (full 4):
 PSYoungGen      total 665088K, used 18114K [0x00000000d5580000, 0x0000000100000000, 0x0000000100000000)
  eden space 631296K, 0% used [0x00000000d5580000,0x00000000d5580000,0x00000000fbe00000)
  from space 33792K, 53% used [0x00000000fbe00000,0x00000000fcfb0ba8,0x00000000fdf00000)
  to   space 33280K, 0% used [0x00000000fdf80000,0x00000000fdf80000,0x0000000100000000)
 ParOldGen       total 87040K, used 75499K [0x0000000080000000, 0x0000000085500000, 0x00000000d5580000)
  object space 87040K, 86% used [0x0000000080000000,0x00000000849bacb8,0x0000000085500000)
 Metaspace       used 93452K, capacity 98284K, committed 98380K, reserved 1134592K
  class space    used 12447K, capacity 13398K, committed 13440K, reserved 1048576K
Event: 24.158 GC heap after
Heap after GC invocations=15 (full 4):
 PSYoungGen      total 665088K, used 0K [0x00000000d5580000, 0x0000000100000000, 0x0000000100000000)
  eden space 631296K, 0% used [0x00000000d5580000,0x00000000d5580000,0x00000000fbe00000)
  from space 33792K, 0% used [0x00000000fbe00000,0x00000000fbe00000,0x00000000fdf00000)
  to   space 33280K, 0% used [0x00000000fdf80000,0x00000000fdf80000,0x0000000100000000)
 ParOldGen       total 132096K, used 59655K [0x0000000080000000, 0x0000000088100000, 0x00000000d5580000)
  object space 132096K, 45% used [0x0000000080000000,0x0000000083a41e60,0x0000000088100000)
 Metaspace       used 93126K, capacity 97310K, committed 98380K, reserved 1134592K
  class space    used 12345K, capacity 13217K, committed 13440K, reserved 1048576K
}
Event: 509.156 GC heap before
{Heap before GC invocations=16 (full 4):
 PSYoungGen      total 665088K, used 631296K [0x00000000d5580000, 0x0000000100000000, 0x0000000100000000)
  eden space 631296K, 100% used [0x00000000d5580000,0x00000000fbe00000,0x00000000fbe00000)
  from space 33792K, 0% used [0x00000000fbe00000,0x00000000fbe00000,0x00000000fdf00000)
  to   space 33280K, 0% used [0x00000000fdf80000,0x00000000fdf80000,0x0000000100000000)
 ParOldGen       total 132096K, used 59655K [0x0000000080000000, 0x0000000088100000, 0x00000000d5580000)
  object space 132096K, 45% used [0x0000000080000000,0x0000000083a41e60,0x0000000088100000)
 Metaspace       used 99965K, capacity 105594K, committed 105676K, reserved 1140736K
  class space    used 13085K, capacity 14329K, committed 14336K, reserved 1048576K
Event: 509.186 GC heap after
Heap after GC invocations=16 (full 4):
 PSYoungGen      total 652288K, used 33266K [0x00000000d5580000, 0x0000000100000000, 0x0000000100000000)
  eden space 619008K, 0% used [0x00000000d5580000,0x00000000d5580000,0x00000000fb200000)
  from space 33280K, 99% used [0x00000000fdf80000,0x00000000ffffcba8,0x0000000100000000)
  to   space 39936K, 0% used [0x00000000fb200000,0x00000000fb200000,0x00000000fd900000)
 ParOldGen       total 132096K, used 63747K [0x0000000080000000, 0x0000000088100000, 0x00000000d5580000)
  object space 132096K, 48% used [0x0000000080000000,0x0000000083e40c70,0x0000000088100000)
 Metaspace       used 99965K, capacity 105594K, committed 105676K, reserved 1140736K
  class space    used 13085K, capacity 14329K, committed 14336K, reserved 1048576K
}

